  MarkerDetector.cpp
C:\OpenCV\build\include\opencv2/core/mat.hpp(2586): warning C4819: The file contains a character that cannot be represented in the current code page (936). Save the file in Unicode format to prevent data loss
C:\OpenCV\build\include\opencv2/core/persistence.hpp : warning C4819: The file contains a character that cannot be represented in the current code page (936). Save the file in Unicode format to prevent data loss
C:\OpenCV\build\include\opencv2/core/utility.hpp : warning C4819: The file contains a character that cannot be represented in the current code page (936). Save the file in Unicode format to prevent data loss
C:\OpenCV\build\include\opencv2/core/utility.hpp : warning C4819: The file contains a character that cannot be represented in the current code page (936). Save the file in Unicode format to prevent data loss
c:\opencv\build\include\opencv2\flann\logger.h(66): warning C4996: 'fopen': This function or variable may be unsafe. Consider using fopen_s instead. To disable deprecation, use _CRT_SECURE_NO_WARNINGS. See online help for details.
  C:\Program Files (x86)\Windows Kits\10\Include\10.0.15063.0\ucrt\stdio.h(207): note: see declaration of 'fopen'
C:\OpenCV\build\include\opencv2/imgproc.hpp(592): warning C4819: The file contains a character that cannot be represented in the current code page (936). Save the file in Unicode format to prevent data loss
MarkerDetector.cpp(50): warning C4244: 'argument': conversion from 'int' to 'float', possible loss of data
MarkerDetector.cpp(51): warning C4244: 'argument': conversion from 'int' to 'float', possible loss of data
MarkerDetector.cpp(52): warning C4244: 'argument': conversion from 'int' to 'float', possible loss of data
MarkerDetector.cpp(117): warning C4267: 'initializing': conversion from 'size_t' to 'int', possible loss of data
MarkerDetector.cpp(167): warning C4244: 'initializing': conversion from 'int' to 'float', possible loss of data
MarkerDetector.cpp(178): warning C4244: 'argument': conversion from 'int' to 'float', possible loss of data
C:\Program Files (x86)\Microsoft Visual Studio\2017\Community\VC\Tools\MSVC\14.10.25017\include\utility(189): warning C4267: 'initializing': conversion from 'size_t' to 'int', possible loss of data
  MarkerDetector.cpp(216): note: see reference to function template instantiation 'std::pair<int,int>::pair<size_t&,size_t&,void,0>(_Other1,_Other2) noexcept' being compiled
          with
          [
              _Other1=size_t &,
              _Other2=size_t &
          ]
  MarkerDetector.cpp(216): note: see reference to function template instantiation 'std::pair<int,int>::pair<size_t&,size_t&,void,0>(_Other1,_Other2) noexcept' being compiled
          with
          [
              _Other1=size_t &,
              _Other2=size_t &
          ]
     Creating library C:\Users\1\Documents\Visual Studio 2017\Projects\Detector\x64\Release\Detector.lib and object C:\Users\1\Documents\Visual Studio 2017\Projects\Detector\x64\Release\Detector.exp
  Generating code
  5 of 1033 functions ( 0.5%) were compiled, the rest were copied from previous compilation.
    0 functions were new in current compilation
    50 functions had inline decision re-evaluated but remain unchanged
  Finished generating code
  Detector.vcxproj -> C:\Users\1\Documents\Visual Studio 2017\Projects\Detector\x64\Release\Detector.dll
